d:\cpp assignment\stl-reader-writer-experiment\cubeincircularpattern\x64\debug\vc143.pdb
d:\cpp assignment\stl-reader-writer-experiment\cubeincircularpattern\x64\debug\vc143.idb
d:\cpp assignment\stl-reader-writer-experiment\cubeincircularpattern\x64\debug\string.obj
d:\cpp assignment\stl-reader-writer-experiment\cubeincircularpattern\x64\debug\filereader.obj
d:\cpp assignment\stl-reader-writer-experiment\cubeincircularpattern\x64\debug\vector.obj
d:\cpp assignment\stl-reader-writer-experiment\cubeincircularpattern\x64\debug\transformation.obj
d:\cpp assignment\stl-reader-writer-experiment\cubeincircularpattern\x64\debug\filewriter.obj
d:\cpp assignment\stl-reader-writer-experiment\cubeincircularpattern\x64\debug\point.obj
d:\cpp assignment\stl-reader-writer-experiment\cubeincircularpattern\x64\debug\main.obj
d:\cpp assignment\stl-reader-writer-experiment\cubeincircularpattern\x64\debug\solid.obj
d:\cpp assignment\stl-reader-writer-experiment\cubeincircularpattern\x64\debug\filetype.obj
d:\cpp assignment\stl-reader-writer-experiment\cubeincircularpattern\x64\debug\cubeincircularpattern.ilk
d:\cpp assignment\stl-reader-writer-experiment\x64\debug\cubeincircularpattern.exe
d:\cpp assignment\stl-reader-writer-experiment\x64\debug\cubeincircularpattern.pdb
d:\cpp assignment\stl-reader-writer-experiment\cubeincircularpattern\x64\debug\cubeinci.69d45ea7.tlog\cl.command.1.tlog
d:\cpp assignment\stl-reader-writer-experiment\cubeincircularpattern\x64\debug\cubeinci.69d45ea7.tlog\cl.read.1.tlog
d:\cpp assignment\stl-reader-writer-experiment\cubeincircularpattern\x64\debug\cubeinci.69d45ea7.tlog\cl.write.1.tlog
d:\cpp assignment\stl-reader-writer-experiment\cubeincircularpattern\x64\debug\cubeinci.69d45ea7.tlog\link.command.1.tlog
d:\cpp assignment\stl-reader-writer-experiment\cubeincircularpattern\x64\debug\cubeinci.69d45ea7.tlog\link.read.1.tlog
d:\cpp assignment\stl-reader-writer-experiment\cubeincircularpattern\x64\debug\cubeinci.69d45ea7.tlog\link.write.1.tlog
